This is pdfTeX, Version 3.1415926-1.40.10 (Web2C 2009) (format=pdflatex 2010.12.12)  7 APR 2011 02:23
entering extended mode
 %&-line parsing enabled.
**report.tex
(./report.tex
LaTeX2e <2009/09/24>
Babel <v3.8l> and hyphenation patterns for english, usenglishmax, dumylang, noh
yphenation, german-x-2009-06-19, ngerman-x-2009-06-19, ancientgreek, ibycus, ar
abic, basque, bulgarian, catalan, pinyin, coptic, croatian, czech, danish, dutc
h, esperanto, estonian, farsi, finnish, french, galician, german, ngerman, mono
greek, greek, hungarian, icelandic, indonesian, interlingua, irish, italian, ku
rmanji, latin, latvian, lithuanian, mongolian, mongolian2a, bokmal, nynorsk, po
lish, portuguese, romanian, russian, sanskrit, serbian, slovak, slovenian, span
ish, swedish, turkish, ukenglish, ukrainian, uppersorbian, welsh, loaded.
(/usr/share/texmf-dist/tex/latex/base/report.cls
Document Class: report 2007/10/19 v1.4h Standard LaTeX document class
(/usr/share/texmf-dist/tex/latex/base/size12.clo
File: size12.clo 2007/10/19 v1.4h Standard LaTeX file (size option)
)
\c@part=\count79
\c@chapter=\count80
\c@section=\count81
\c@subsection=\count82
\c@subsubsection=\count83
\c@paragraph=\count84
\c@subparagraph=\count85
\c@figure=\count86
\c@table=\count87
\abovecaptionskip=\skip41
\belowcaptionskip=\skip42
\bibindent=\dimen102
)
(/usr/share/texmf-dist/tex/latex/graphics/graphicx.sty
Package: graphicx 1999/02/16 v1.0f Enhanced LaTeX Graphics (DPC,SPQR)

(/usr/share/texmf-dist/tex/latex/graphics/keyval.sty
Package: keyval 1999/03/16 v1.13 key=value parser (DPC)
\KV@toks@=\toks14
)
(/usr/share/texmf-dist/tex/latex/graphics/graphics.sty
Package: graphics 2009/02/05 v1.0o Standard LaTeX Graphics (DPC,SPQR)

(/usr/share/texmf-dist/tex/latex/graphics/trig.sty
Package: trig 1999/03/16 v1.09 sin cos tan (DPC)
)
(/usr/share/texmf-dist/tex/latex/latexconfig/graphics.cfg
File: graphics.cfg 2009/08/28 v1.8 graphics configuration of TeX Live
)
Package graphics Info: Driver file: pdftex.def on input line 91.

(/usr/share/texmf-dist/tex/latex/pdftex-def/pdftex.def
File: pdftex.def 2009/08/25 v0.04m Graphics/color for pdfTeX
\Gread@gobject=\count88
))
\Gin@req@height=\dimen103
\Gin@req@width=\dimen104
)
(/usr/share/texmf-dist/tex/latex/base/inputenc.sty
Package: inputenc 2008/03/30 v1.1d Input encoding file
\inpenc@prehook=\toks15
\inpenc@posthook=\toks16

(/usr/share/texmf-dist/tex/latex/ucs/utf8x.def
File: utf8x.def 2004/10/17 UCS: Input encoding UTF-8
))
(/usr/share/texmf-dist/tex/latex/ucs/ucs.sty
Package: ucs 2004/10/17 UCS: Unicode input support

(/usr/share/texmf-dist/tex/latex/ucs/data/uni-global.def
File: uni-global.def 2004/10/17 UCS: Unicode global data
)
\uc@secondtry=\count89
\uc@combtoks=\toks17
\uc@combtoksb=\toks18
\uc@temptokena=\toks19
)
(/usr/share/texmf-dist/tex/generic/babel/babel.sty
Package: babel 2008/07/06 v3.8l The Babel package

(/usr/share/texmf-dist/tex/generic/babel/turkish.ldf
Language: turkish 2005/03/31 v1.2m Turkish support from the babel system

(/usr/share/texmf-dist/tex/generic/babel/babel.def
File: babel.def 2008/07/06 v3.8l Babel common definitions
\babel@savecnt=\count90
\U@D=\dimen105
)
Package babel Info: Making : an active character on input line 86.
Package babel Info: Making ! an active character on input line 87.
Package babel Info: Making = an active character on input line 88.
))
(/usr/share/texmf-dist/tex/latex/preprint/fullpage.sty
Package: fullpage 1999/02/23 1.1 (PWD)
\FP@margin=\skip43
)
(/usr/share/texmf-dist/tex/latex/multirow/multirow.sty
\bigstrutjot=\dimen106
) (./report.aux
(./header.aux))
\openout1 = `report.aux'.

LaTeX Font Info:    Checking defaults for OML/cmm/m/it on input line 8.
LaTeX Font Info:    ... okay on input line 8.
LaTeX Font Info:    Checking defaults for T1/cmr/m/n on input line 8.
LaTeX Font Info:    ... okay on input line 8.
LaTeX Font Info:    Checking defaults for OT1/cmr/m/n on input line 8.
LaTeX Font Info:    ... okay on input line 8.
LaTeX Font Info:    Checking defaults for OMS/cmsy/m/n on input line 8.
LaTeX Font Info:    ... okay on input line 8.
LaTeX Font Info:    Checking defaults for OMX/cmex/m/n on input line 8.
LaTeX Font Info:    ... okay on input line 8.
LaTeX Font Info:    Checking defaults for U/cmr/m/n on input line 8.
LaTeX Font Info:    ... okay on input line 8.
 (/usr/share/texmf-dist/tex/context/base/supp-pdf.mkii
[Loading MPS to PDF converter (version 2006.09.02).]
\scratchcounter=\count91
\scratchdimen=\dimen107
\scratchbox=\box26
\nofMPsegments=\count92
\nofMParguments=\count93
\everyMPshowfont=\toks20
\MPscratchCnt=\count94
\MPscratchDim=\dimen108
\MPnumerator=\count95
\everyMPtoPDFconversion=\toks21
) (/usr/share/texmf-dist/tex/latex/ucs/ucsencs.def
File: ucsencs.def 2003/11/29 Fixes to fontencodings LGR, T3
)
\openout2 = `header.aux'.

 (./header.tex
<comu-head.png, id=1, 107.14027pt x 97.20316pt>
File: comu-head.png Graphic file (type png)
 <use comu-head.png>
(/usr/share/texmf-dist/tex/latex/ucs/data/uni-0.def
File: uni-0.def 2004/10/17 UCS: Unicode data U+0000..U+00FF
)
(/usr/share/texmf-dist/tex/latex/ucs/data/uni-1.def
File: uni-1.def 2004/10/17 UCS: Unicode data U+0100..U+01FF
)) [1


{/usr/share/texmf/fonts/map/pdftex/updmap/pdftex.map} <./comu-head.png (PNG cop
y)>]
Underfull \hbox (badness 10000) in paragraph at lines 15--16

 []

LaTeX Font Info:    Try loading font information for OMS+cmr on input line 24.
(/usr/share/texmf-dist/tex/latex/base/omscmr.fd
File: omscmr.fd 1999/05/25 v2.5h Standard LaTeX font definitions
)
LaTeX Font Info:    Font shape `OMS/cmr/m/n' in size <12> not available
(Font)              Font shape `OMS/cmsy/m/n' tried instead on input line 24.

Underfull \hbox (badness 10000) in paragraph at lines 50--51

 []


Underfull \hbox (badness 10000) in paragraph at lines 58--60

 []

[2

]
LaTeX Font Info:    External font `cmex10' loaded for size
(Font)              <12> on input line 81.
LaTeX Font Info:    External font `cmex10' loaded for size
(Font)              <8> on input line 81.
LaTeX Font Info:    External font `cmex10' loaded for size
(Font)              <6> on input line 81.
 [3]
Underfull \hbox (badness 10000) in paragraph at lines 154--155
[]\OT1/cmr/m/n/12 Inception
 []

! Extra alignment tab has been changed to \cr.
<recently read> \endtemplate 
                             
l.170 &
       
? 
[4]
Underfull \hbox (badness 10000) in paragraph at lines 194--195
[]\OT1/cmr/bx/n/12 Validation
 []

! Extra alignment tab has been changed to \cr.
<recently read> \endtemplate 
                             
l.198 &
       
? 

Underfull \hbox (badness 10000) in paragraph at lines 204--207
[]\OT1/cmr/m/n/12 Otel ki-ra-lama/rezarvasyon
 []

! Extra alignment tab has been changed to \cr.
<recently read> \endtemplate 
                             
l.213 &
       
? 
! Extra alignment tab has been changed to \cr.
<recently read> \endtemplate 
                             
l.225 &
       
? 

Underfull \hbox (badness 10000) in paragraph at lines 232--235
[]\OT1/cmr/m/n/12 Sistemin t^^?um i^^Xslemlerinin
 []


Underfull \hbox (badness 6252) in paragraph at lines 232--235
\OT1/cmr/m/n/12 ger^^Xcekle^^Xsti^^Ugi fi-zik-sel me-kand^^Pr.
 []


Underfull \hbox (badness 10000) in paragraph at lines 232--235
\OT1/cmr/m/n/12 Ote-lin sa-hip oldu^^Ugu y^^Pld^^Pz
 []


Underfull \hbox (badness 10000) in paragraph at lines 232--235
\OT1/cmr/m/n/12 say^^Ps^^Pna g^^?ore baz^^P ^^?ozel-lik-leri
 []


Underfull \hbox (badness 10000) in paragraph at lines 232--235
\OT1/cmr/m/n/12 m^^?u^^Xsterilerine sun-mak zo-run-
 []

! Extra alignment tab has been changed to \cr.
<recently read> \endtemplate 
                             
l.241 &
       
? 

Underfull \hbox (badness 3364) in paragraph at lines 246--247
[]\OT1/cmr/m/n/12 Rezervasyon i^^Xslemi, be-lirli bir
 []

! Extra alignment tab has been changed to \cr.
<recently read> \endtemplate 
                             
l.253 &
       
? 
! Extra alignment tab has been changed to \cr.
<recently read> \endtemplate 
                             
l.269 &
       
? 

Overfull \hbox (56.5857pt too wide) in paragraph at lines 180--274
[] 
 []

[5]
! Extra alignment tab has been changed to \cr.
<recently read> \endtemplate 
                             
l.289 &
       
? 

Underfull \hbox (badness 10000) in paragraph at lines 295--299
[]\OT1/cmr/m/n/12 Vergiler dev-let ta-
 []


Underfull \hbox (badness 10000) in paragraph at lines 295--299
\OT1/cmr/m/n/12 raf^^Pndan ^^Xc^^Pkart^^Plan
 []


Underfull \hbox (badness 10000) in paragraph at lines 295--299
\OT1/cmr/m/n/12 ya-sa-lara g^^?ore be-
 []


Underfull \hbox (badness 10000) in paragraph at lines 295--299
\OT1/cmr/m/n/12 lir-le-nir. Ver-gi-le-rin
 []


Underfull \hbox (badness 10000) in paragraph at lines 295--299
\OT1/cmr/m/n/12 de^^Ugi^^Xsmesi ya-sa-lar^^Pn
 []


Underfull \hbox (badness 5119) in paragraph at lines 295--299
\OT1/cmr/m/n/12 de^^Ugi^^Xsmesine ba^^Ugl^^Pd^^Pr.
 []


Underfull \hbox (badness 10000) in paragraph at lines 295--299
\OT1/cmr/m/n/12 Bu s^^?ure^^Xc de^^Ugi^^Xsiklik
 []


Underfull \hbox (badness 10000) in paragraph at lines 295--299
\OT1/cmr/m/n/12 g^^?oste-re-bi-lir. Ver-gi-ler
 []


Underfull \hbox (badness 2495) in paragraph at lines 295--299
\OT1/cmr/m/n/12 sis-tem y^^?one-ti-cisi ta-
 []


Underfull \hbox (badness 2173) in paragraph at lines 295--299
\OT1/cmr/m/n/12 raf^^Pndan daha sonra
 []

! Extra alignment tab has been changed to \cr.
<recently read> \endtemplate 
                             
l.301 &
       
? 

Underfull \hbox (badness 6016) in paragraph at lines 305--307
\OT1/cmr/m/n/12 oda hiz-met-le-rin-den fay-da-la-na-
 []


Underfull \hbox (badness 10000) in paragraph at lines 308--310
[]\OT1/cmr/m/n/12 Ya^^Xs ku-ral^^P ya-sa-lar
 []


Underfull \hbox (badness 10000) in paragraph at lines 308--310
\OT1/cmr/m/n/12 ta-raf^^Pndan be-lir-le-
 []


Underfull \hbox (badness 1484) in paragraph at lines 308--310
\OT1/cmr/m/n/12 nir. 18 ya^^Xs s^^Pn^^Pr^^Pn^^Pn
 []


Underfull \hbox (badness 10000) in paragraph at lines 308--310
\OT1/cmr/m/n/12 de^^Ugi^^Xskenli^^Ugi fazla
 []


Underfull \hbox (badness 10000) in paragraph at lines 308--310
\OT1/cmr/m/n/12 de^^Ugildir. Bu ku-ral
 []

! Extra alignment tab has been changed to \cr.
<recently read> \endtemplate 
                             
l.312 &
       
? 

Underfull \hbox (badness 1102) in paragraph at lines 316--319
[]\OT1/cmr/m/n/12 Kimlik kan^^Ptlama ku-ral^^P. Otele
 []


Underfull \hbox (badness 10000) in paragraph at lines 320--323
\OT1/cmr/m/n/12 zo-run-lulu^^Ugu ol-masa
 []


Underfull \hbox (badness 2856) in paragraph at lines 320--323
\OT1/cmr/m/n/12 lin baz^^P du-rum-larda
 []


Underfull \hbox (badness 3838) in paragraph at lines 320--323
\OT1/cmr/m/n/12 mesi i^^Xcin ^^?onem-li-dir.
 []


Underfull \hbox (badness 10000) in paragraph at lines 320--323
\OT1/cmr/m/n/12 Ka-nuni du-rum-larda
 []


Underfull \hbox (badness 3343) in paragraph at lines 320--323
\OT1/cmr/m/n/12 otelde ki-min kald^^P^^Ug^^P
 []

! Extra alignment tab has been changed to \cr.
<recently read> \endtemplate 
                             
l.325 &
       
? 

Underfull \hbox (badness 10000) in paragraph at lines 333--335
[]\OT1/cmr/m/n/12 Y^^Pld^^Pzlar^^Pn ge-rek-si-
 []


Underfull \hbox (badness 10000) in paragraph at lines 333--335
\OT1/cmr/m/n/12 nim-leri K^^?ult^^?ur ve
 []


Underfull \hbox (badness 10000) in paragraph at lines 333--335
\OT1/cmr/m/n/12 Tu-rizm ba-kanl^^P^^Ug^^P
 []


Underfull \hbox (badness 10000) in paragraph at lines 333--335
\OT1/cmr/m/n/12 ta-raf^^Pndan be-lir-le-
 []


Underfull \hbox (badness 10000) in paragraph at lines 333--335
\OT1/cmr/m/n/12 nir. Fazla de^^Ugi^^Xsken
 []


Underfull \hbox (badness 10000) in paragraph at lines 333--335
\OT1/cmr/m/n/12 de^^Ugillerdir. Sis-teme
 []


Underfull \hbox (badness 4441) in paragraph at lines 336--337
[]\OT1/cmr/m/n/12 K^^?ult^^?ur ve Tu-
 []

! Extra alignment tab has been changed to \cr.
<recently read> \endtemplate 
                             
l.337 &
       
? 

Overfull \hbox (21.82341pt too wide) in paragraph at lines 278--340
[] 
 []

[6]
Underfull \hbox (badness 10000) in paragraph at lines 344--345

 []

<dia/usecase1.png, id=26, 351.3125pt x 239.89626pt>
File: dia/usecase1.png Graphic file (type png)
 <use dia/usecase1.png>
[7] [8 <./dia/usecase1.png (PNG copy)>]
<dia/ssd-usecase1.png, id=34, 457.71pt x 481.8pt>
File: dia/ssd-usecase1.png Graphic file (type png)
 <use dia/ssd-usecase1.png>
Overfull \hbox (4.741pt too wide) in paragraph at lines 402--403
 [] 
 []

[9 <./dia/ssd-usecase1.png (PNG copy)>]
Underfull \hbox (badness 10000) in paragraph at lines 407--408

 []

[10] <dia/usecase2.png, id=41, 475.7775pt x 330.23375pt>
File: dia/usecase2.png Graphic file (type png)

<use dia/usecase2.png>
Overfull \hbox (22.80843pt too wide) in paragraph at lines 479--480
 [] 
 []

<dia/ssd-usecase2.png, id=42, 457.71pt x 705.63625pt>
File: dia/ssd-usecase2.png Graphic file (type png)

<use dia/ssd-usecase2.png>
Overfull \hbox (4.741pt too wide) in paragraph at lines 483--484
 [] 
 []

[11 <./dia/usecase2.png (PNG copy)>] [12]
Overfull \vbox (35.12766pt too high) has occurred while \output is active []


[13 <./dia/ssd-usecase2.png (PNG copy)>]
Underfull \hbox (badness 10000) in paragraph at lines 488--489

 []


Overfull \hbox (2.7007pt too wide) in paragraph at lines 494--495
[]\OT1/cmr/m/n/12 Odan^^Pn tan^^Pmlanmas^^P ile il-gili her-hangi bir ek-sik-li
k ol-ma-mas^^Pn^^P
 []

<dia/usecase3.png, id=53, 355.3275pt x 309.155pt>
File: dia/usecase3.png Graphic file (type png)
 <use dia/usecase3.png>
[14] [15 <./dia/usecase3.png (PNG copy)>]
<dia/ssd-usecase3.png, id=60, 467.7475pt x 598.235pt>
File: dia/ssd-usecase3.png Graphic file (type png)

<use dia/ssd-usecase3.png>
Overfull \hbox (14.77844pt too wide) in paragraph at lines 537--538
 [] 
 []

[16 <./dia/ssd-usecase3.png (PNG copy)>]
Underfull \hbox (badness 10000) in paragraph at lines 542--543

 []

<dia/usecase4.png, id=64, 260.975pt x 212.795pt>
File: dia/usecase4.png Graphic file (type png)
 <use dia/usecase4.png>
[17] [18 <./dia/usecase4.png (PNG copy)>]
<dia/ssd-usecase4.png, id=71, 467.7475pt x 598.235pt>
File: dia/ssd-usecase4.png Graphic file (type png)

<use dia/ssd-usecase4.png>
Overfull \hbox (14.77844pt too wide) in paragraph at lines 594--595
 [] 
 []

[19 <./dia/ssd-usecase4.png (PNG copy)>]
Underfull \hbox (badness 10000) in paragraph at lines 599--600

 []

<dia/usecase5.png, id=76, 260.975pt x 305.14pt>
File: dia/usecase5.png Graphic file (type png)
 <use dia/usecase5.png> [20]
[21 <./dia/usecase5.png (PNG copy)>]
<dia/ssd-usecase5.png, id=83, 467.7475pt x 598.235pt>
File: dia/ssd-usecase5.png Graphic file (type png)

<use dia/ssd-usecase5.png>
Overfull \hbox (14.77844pt too wide) in paragraph at lines 645--646
 [] 
 []

[22 <./dia/ssd-usecase5.png (PNG copy)>]
<dia/allusecasessmall.png, id=87, 276.28218pt x 595.47469pt>
File: dia/allusecasessmall.png Graphic file (type png)

<use dia/allusecasessmall.png> [23 <./dia/allusecasessmall.png (PNG copy)>]
(./report.aux (./header.aux)) ) 
Here is how much of TeX's memory you used:
 2749 strings out of 493848
 33934 string characters out of 3154066
 89284 words of memory out of 3000000
 6012 multiletter control sequences out of 15000+200000
 7337 words of font info for 26 fonts, out of 3000000 for 9000
 714 hyphenation exceptions out of 8191
 25i,12n,24p,378b,582s stack positions out of 5000i,500n,10000p,200000b,50000s
</usr/share/texmf-dist/fonts/type1/public/amsfon
ts/cm/cmbx12.pfb></usr/share/texmf-dist/fonts/type1/public/amsfonts/cm/cmr12.pf
b></usr/share/texmf-dist/fonts/type1/public/amsfonts/cm/cmsy10.pfb></usr/share/
texmf-dist/fonts/type1/public/amsfonts/cm/cmti12.pfb>
Output written on report.pdf (23 pages, 340494 bytes).
PDF statistics:
 105 PDF objects out of 1000 (max. 8388607)
 0 named destinations out of 1000 (max. 500000)
 61 words of extra memory for PDF output out of 10000 (max. 10000000)

