This is pdfTeX, Version 3.1415926-1.40.10 (Web2C 2009) (format=pdflatex 2010.12.12)  24 MAR 2011 12:09
entering extended mode
 %&-line parsing enabled.
**report-5th-week.tex
(./report-5th-week.tex
LaTeX2e <2009/09/24>
Babel <v3.8l> and hyphenation patterns for english, usenglishmax, dumylang, noh
yphenation, german-x-2009-06-19, ngerman-x-2009-06-19, ancientgreek, ibycus, ar
abic, basque, bulgarian, catalan, pinyin, coptic, croatian, czech, danish, dutc
h, esperanto, estonian, farsi, finnish, french, galician, german, ngerman, mono
greek, greek, hungarian, icelandic, indonesian, interlingua, irish, italian, ku
rmanji, latin, latvian, lithuanian, mongolian, mongolian2a, bokmal, nynorsk, po
lish, portuguese, romanian, russian, sanskrit, serbian, slovak, slovenian, span
ish, swedish, turkish, ukenglish, ukrainian, uppersorbian, welsh, loaded.
(/usr/share/texmf-dist/tex/latex/base/report.cls
Document Class: report 2007/10/19 v1.4h Standard LaTeX document class
(/usr/share/texmf-dist/tex/latex/base/size12.clo
File: size12.clo 2007/10/19 v1.4h Standard LaTeX file (size option)
)
\c@part=\count79
\c@chapter=\count80
\c@section=\count81
\c@subsection=\count82
\c@subsubsection=\count83
\c@paragraph=\count84
\c@subparagraph=\count85
\c@figure=\count86
\c@table=\count87
\abovecaptionskip=\skip41
\belowcaptionskip=\skip42
\bibindent=\dimen102
)
(/usr/share/texmf-dist/tex/latex/graphics/graphicx.sty
Package: graphicx 1999/02/16 v1.0f Enhanced LaTeX Graphics (DPC,SPQR)

(/usr/share/texmf-dist/tex/latex/graphics/keyval.sty
Package: keyval 1999/03/16 v1.13 key=value parser (DPC)
\KV@toks@=\toks14
)
(/usr/share/texmf-dist/tex/latex/graphics/graphics.sty
Package: graphics 2009/02/05 v1.0o Standard LaTeX Graphics (DPC,SPQR)

(/usr/share/texmf-dist/tex/latex/graphics/trig.sty
Package: trig 1999/03/16 v1.09 sin cos tan (DPC)
)
(/usr/share/texmf-dist/tex/latex/latexconfig/graphics.cfg
File: graphics.cfg 2009/08/28 v1.8 graphics configuration of TeX Live
)
Package graphics Info: Driver file: pdftex.def on input line 91.

(/usr/share/texmf-dist/tex/latex/pdftex-def/pdftex.def
File: pdftex.def 2009/08/25 v0.04m Graphics/color for pdfTeX
\Gread@gobject=\count88
))
\Gin@req@height=\dimen103
\Gin@req@width=\dimen104
)
(/usr/share/texmf-dist/tex/latex/base/inputenc.sty
Package: inputenc 2008/03/30 v1.1d Input encoding file
\inpenc@prehook=\toks15
\inpenc@posthook=\toks16

(/usr/share/texmf-dist/tex/latex/ucs/utf8x.def
File: utf8x.def 2004/10/17 UCS: Input encoding UTF-8
))
(/usr/share/texmf-dist/tex/latex/ucs/ucs.sty
Package: ucs 2004/10/17 UCS: Unicode input support

(/usr/share/texmf-dist/tex/latex/ucs/data/uni-global.def
File: uni-global.def 2004/10/17 UCS: Unicode global data
)
\uc@secondtry=\count89
\uc@combtoks=\toks17
\uc@combtoksb=\toks18
\uc@temptokena=\toks19
)
(/usr/share/texmf-dist/tex/generic/babel/babel.sty
Package: babel 2008/07/06 v3.8l The Babel package

(/usr/share/texmf-dist/tex/generic/babel/turkish.ldf
Language: turkish 2005/03/31 v1.2m Turkish support from the babel system

(/usr/share/texmf-dist/tex/generic/babel/babel.def
File: babel.def 2008/07/06 v3.8l Babel common definitions
\babel@savecnt=\count90
\U@D=\dimen105
)
Package babel Info: Making : an active character on input line 86.
Package babel Info: Making ! an active character on input line 87.
Package babel Info: Making = an active character on input line 88.
))
(/usr/share/texmf-dist/tex/latex/preprint/fullpage.sty
Package: fullpage 1999/02/23 1.1 (PWD)
\FP@margin=\skip43
)
(/usr/share/texmf-dist/tex/latex/multirow/multirow.sty
\bigstrutjot=\dimen106
)
(/usr/share/texmf-dist/tex/latex/uml/uml.sty
Package: uml 

(/usr/share/texmf-dist/tex/latex/pstricks/pstricks.sty
Package: pstricks 2008/11/26 v0.40 LaTeX wrapper for `PSTricks' (RN,HV)

(/usr/share/texmf-dist/tex/generic/pstricks/pstricks.tex
`PSTricks' v1.31  <2009/11/27> (tvz)
\pst@dima=\dimen107
\pst@dimb=\dimen108
\pst@dimc=\dimen109
\pst@dimd=\dimen110
\pst@dimg=\dimen111
\pst@dimh=\dimen112
\pst@hbox=\box26
\pst@boxg=\box27
\pst@cnta=\count91
\pst@cntb=\count92
\pst@cntc=\count93
\pst@cntd=\count94
\pst@cntg=\count95
\pst@cnth=\count96
\pst@toks=\toks20
(/usr/share/texmf-dist/tex/generic/pstricks/pstricks.con)
\psunit=\dimen113
\psxunit=\dimen114
\psyunit=\dimen115
\pslinewidth=\dimen116
\pst@customdefs=\toks21
\pslinearc=\dimen117
\everypsbox=\toks22
\psframesep=\dimen118
\pslabelsep=\dimen119
\pst@shift=\dimen120
\theoverlaybox=\box28
)
File: pstricks.tex 2009/11/27 v1.31 `PSTricks' (tvz,hv)

(/usr/share/texmf-dist/tex/latex/graphics/color.sty
Package: color 2005/11/14 v1.0j Standard LaTeX Color (DPC)

(/usr/share/texmf-dist/tex/latex/latexconfig/color.cfg
File: color.cfg 2007/01/18 v1.5 color configuration of teTeX/TeXLive
)
Package color Info: Driver file: pdftex.def on input line 130.
Package color Info: Redefining color black on input line 164.
Package color Info: Redefining color white on input line 165.
Package color Info: Redefining color red on input line 168.
Package color Info: Redefining color green on input line 169.
Package color Info: Redefining color blue on input line 170.
Package color Info: Redefining color cyan on input line 173.
Package color Info: Redefining color magenta on input line 174.
Package color Info: Redefining color yellow on input line 175.
)
Package color Info: Redefining color darkgray on input line 164.
Package color Info: Redefining color gray on input line 164.
Package color Info: Redefining color lightgray on input line 164.
Package color Info: Redefining color black on input line 197.
Package color Info: Redefining color darkgray on input line 198.
Package color Info: Redefining color gray on input line 199.
Package color Info: Redefining color lightgray on input line 200.
Package color Info: Redefining color white on input line 201.
Package color Info: Redefining color red on input line 202.
Package color Info: Redefining color green on input line 203.
Package color Info: Redefining color blue on input line 204.
Package color Info: Redefining color yellow on input line 208.
Package color Info: Redefining color cyan on input line 209.
Package color Info: Redefining color magenta on input line 210.
)
(/usr/share/texmf-dist/tex/latex/pstricks/pst-node.sty
Package: pst-node 2006/01/01 package wrapper for pst-node.tex

(/usr/share/texmf-dist/tex/generic/pstricks/pst-node.tex  v1.01, 2008/11/26
\psrow=\count97
\pscol=\count98
\psmatrixcnt=\count99
\psrowsep=\skip44
\pscolsep=\skip45
)
File: pst-node.tex 2008/11/26 1.01 `pst-node' (tvz)
)
(/usr/share/texmf-dist/tex/latex/xkeyval/pst-xkey.sty
Package: pst-xkey 2005/11/25 v1.6 package wrapper for pst-xkey.tex (HA)

(/usr/share/texmf-dist/tex/generic/xkeyval/pst-xkey.tex
File: pst-xkey.tex 2005/11/25 v1.6 PSTricks specialization of xkeyval (HA)

(/usr/share/texmf-dist/tex/latex/xkeyval/xkeyval.sty
Package: xkeyval 2008/08/13 v2.6a package option processing (HA)

(/usr/share/texmf-dist/tex/generic/xkeyval/xkeyval.tex
\XKV@toks=\toks23
\XKV@tempa@toks=\toks24
\XKV@depth=\count100
File: xkeyval.tex 2008/08/13 v2.6a key=value parser (HA)
))))
(/usr/share/texmf-dist/tex/latex/relsize/relsize.sty
Package: relsize 2003/07/04 ver 3.1
)
\umlArmA=\skip46
\umlArmB=\skip47
\umlSymbolHeightDefault=\skip48
\umlSymbolWidthDefault=\skip49
\umlInnerWidthDefault=\skip50
\umlInnerRadiusDefault=\skip51
\umlNodeSep=\skip52
\umlPlaceNodeX=\skip53
\umlPlaceNodeY=\skip54
) (./report-5th-week.aux
(./header.aux))
\openout1 = `report-5th-week.aux'.

LaTeX Font Info:    Checking defaults for OML/cmm/m/it on input line 9.
LaTeX Font Info:    ... okay on input line 9.
LaTeX Font Info:    Checking defaults for T1/cmr/m/n on input line 9.
LaTeX Font Info:    ... okay on input line 9.
LaTeX Font Info:    Checking defaults for OT1/cmr/m/n on input line 9.
LaTeX Font Info:    ... okay on input line 9.
LaTeX Font Info:    Checking defaults for OMS/cmsy/m/n on input line 9.
LaTeX Font Info:    ... okay on input line 9.
LaTeX Font Info:    Checking defaults for OMX/cmex/m/n on input line 9.
LaTeX Font Info:    ... okay on input line 9.
LaTeX Font Info:    Checking defaults for U/cmr/m/n on input line 9.
LaTeX Font Info:    ... okay on input line 9.
 (/usr/share/texmf-dist/tex/context/base/supp-pdf.mkii
[Loading MPS to PDF converter (version 2006.09.02).]
\scratchcounter=\count101
\scratchdimen=\dimen121
\scratchbox=\box29
\nofMPsegments=\count102
\nofMParguments=\count103
\everyMPshowfont=\toks25
\MPscratchCnt=\count104
\MPscratchDim=\dimen122
\MPnumerator=\count105
\everyMPtoPDFconversion=\toks26
) (/usr/share/texmf-dist/tex/latex/ucs/ucsencs.def
File: ucsencs.def 2003/11/29 Fixes to fontencodings LGR, T3
)
\openout2 = `header.aux'.

 (./header.tex
<comu-head.png, id=1, 107.14027pt x 97.20316pt>
File: comu-head.png Graphic file (type png)
 <use comu-head.png>
(/usr/share/texmf-dist/tex/latex/ucs/data/uni-0.def
File: uni-0.def 2004/10/17 UCS: Unicode data U+0000..U+00FF
)
(/usr/share/texmf-dist/tex/latex/ucs/data/uni-1.def
File: uni-1.def 2004/10/17 UCS: Unicode data U+0100..U+01FF
)) [1
Non-PDF special ignored!
Non-PDF special ignored!
Non-PDF special ignored!
Non-PDF special ignored!


{/usr/share/texmf/fonts/map/pdftex/updmap/pdftex.map} <./comu-head.png (PNG cop
y)>]
LaTeX Font Info:    External font `cmex10' loaded for size
(Font)              <12> on input line 18.
LaTeX Font Info:    External font `cmex10' loaded for size
(Font)              <8> on input line 18.
LaTeX Font Info:    External font `cmex10' loaded for size
(Font)              <6> on input line 18.

Underfull \hbox (badness 10000) in paragraph at lines 34--35
[]\OT1/cmr/m/n/12 Inception
 []

! Extra alignment tab has been changed to \cr.
<recently read> \endtemplate 
                             
l.50 &
      
? 
[2

]
Underfull \hbox (badness 10000) in paragraph at lines 74--75
[]\OT1/cmr/bx/n/12 Validation
 []

! Extra alignment tab has been changed to \cr.
<recently read> \endtemplate 
                             
l.78 &
      
? 

Underfull \hbox (badness 10000) in paragraph at lines 84--87
[]\OT1/cmr/m/n/12 Otel ki-ra-lama/rezarvasyon
 []

! Extra alignment tab has been changed to \cr.
<recently read> \endtemplate 
                             
l.93 &
      
? 
! Extra alignment tab has been changed to \cr.
<recently read> \endtemplate 
                             
l.105 &
       
? 

Underfull \hbox (badness 10000) in paragraph at lines 112--115
[]\OT1/cmr/m/n/12 Sistemin t^^?um i^^Xslemlerinin
 []


Underfull \hbox (badness 6252) in paragraph at lines 112--115
\OT1/cmr/m/n/12 ger^^Xcekle^^Xsti^^Ugi fi-zik-sel me-kand^^Pr.
 []


Underfull \hbox (badness 10000) in paragraph at lines 112--115
\OT1/cmr/m/n/12 Ote-lin sa-hip oldu^^Ugu y^^Pld^^Pz
 []


Underfull \hbox (badness 10000) in paragraph at lines 112--115
\OT1/cmr/m/n/12 say^^Ps^^Pna g^^?ore baz^^P ^^?ozel-lik-leri
 []


Underfull \hbox (badness 10000) in paragraph at lines 112--115
\OT1/cmr/m/n/12 m^^?u^^Xsterilerine sun-mak zo-run-
 []

! Extra alignment tab has been changed to \cr.
<recently read> \endtemplate 
                             
l.121 &
       
? 

Underfull \hbox (badness 3364) in paragraph at lines 126--127
[]\OT1/cmr/m/n/12 Rezervasyon i^^Xslemi, be-lirli bir
 []

! Extra alignment tab has been changed to \cr.
<recently read> \endtemplate 
                             
l.133 &
       
? 
! Extra alignment tab has been changed to \cr.
<recently read> \endtemplate 
                             
l.149 &
       
? 

Overfull \hbox (56.5857pt too wide) in paragraph at lines 60--154
[] 
 []

[3]
! Extra alignment tab has been changed to \cr.
<recently read> \endtemplate 
                             
l.169 &
       
? 

Underfull \hbox (badness 10000) in paragraph at lines 175--179
[]\OT1/cmr/m/n/12 Vergiler dev-let ta-
 []


Underfull \hbox (badness 10000) in paragraph at lines 175--179
\OT1/cmr/m/n/12 raf^^Pndan ^^Xc^^Pkart^^Plan
 []


Underfull \hbox (badness 10000) in paragraph at lines 175--179
\OT1/cmr/m/n/12 ya-sa-lara g^^?ore be-
 []


Underfull \hbox (badness 10000) in paragraph at lines 175--179
\OT1/cmr/m/n/12 lir-le-nir. Ver-gi-le-rin
 []


Underfull \hbox (badness 10000) in paragraph at lines 175--179
\OT1/cmr/m/n/12 de^^Ugi^^Xsmesi ya-sa-lar^^Pn
 []


Underfull \hbox (badness 5119) in paragraph at lines 175--179
\OT1/cmr/m/n/12 de^^Ugi^^Xsmesine ba^^Ugl^^Pd^^Pr.
 []


Underfull \hbox (badness 10000) in paragraph at lines 175--179
\OT1/cmr/m/n/12 Bu s^^?ure^^Xc de^^Ugi^^Xsiklik
 []


Underfull \hbox (badness 10000) in paragraph at lines 175--179
\OT1/cmr/m/n/12 g^^?oste-re-bi-lir. Ver-gi-ler
 []


Underfull \hbox (badness 2495) in paragraph at lines 175--179
\OT1/cmr/m/n/12 sis-tem y^^?one-ti-cisi ta-
 []


Underfull \hbox (badness 2173) in paragraph at lines 175--179
\OT1/cmr/m/n/12 raf^^Pndan daha sonra
 []

! Extra alignment tab has been changed to \cr.
<recently read> \endtemplate 
                             
l.181 &
       
? 

Underfull \hbox (badness 6016) in paragraph at lines 185--187
\OT1/cmr/m/n/12 oda hiz-met-le-rin-den fay-da-la-na-
 []


Underfull \hbox (badness 10000) in paragraph at lines 188--190
[]\OT1/cmr/m/n/12 Ya^^Xs ku-ral^^P ya-sa-lar
 []


Underfull \hbox (badness 10000) in paragraph at lines 188--190
\OT1/cmr/m/n/12 ta-raf^^Pndan be-lir-le-
 []


Underfull \hbox (badness 1484) in paragraph at lines 188--190
\OT1/cmr/m/n/12 nir. 18 ya^^Xs s^^Pn^^Pr^^Pn^^Pn
 []


Underfull \hbox (badness 10000) in paragraph at lines 188--190
\OT1/cmr/m/n/12 de^^Ugi^^Xskenli^^Ugi fazla
 []


Underfull \hbox (badness 10000) in paragraph at lines 188--190
\OT1/cmr/m/n/12 de^^Ugildir. Bu ku-ral
 []

! Extra alignment tab has been changed to \cr.
<recently read> \endtemplate 
                             
l.192 &
       
? 

Underfull \hbox (badness 1102) in paragraph at lines 196--199
[]\OT1/cmr/m/n/12 Kimlik kan^^Ptlama ku-ral^^P. Otele
 []


Underfull \hbox (badness 10000) in paragraph at lines 200--203
\OT1/cmr/m/n/12 zo-run-lulu^^Ugu ol-masa
 []


Underfull \hbox (badness 2856) in paragraph at lines 200--203
\OT1/cmr/m/n/12 lin baz^^P du-rum-larda
 []


Underfull \hbox (badness 3838) in paragraph at lines 200--203
\OT1/cmr/m/n/12 mesi i^^Xcin ^^?onem-li-dir.
 []


Underfull \hbox (badness 10000) in paragraph at lines 200--203
\OT1/cmr/m/n/12 Ka-nuni du-rum-larda
 []


Underfull \hbox (badness 3343) in paragraph at lines 200--203
\OT1/cmr/m/n/12 otelde ki-min kald^^P^^Ug^^P
 []

! Extra alignment tab has been changed to \cr.
<recently read> \endtemplate 
                             
l.205 &
       
? 

Underfull \hbox (badness 10000) in paragraph at lines 213--215
[]\OT1/cmr/m/n/12 Y^^Pld^^Pzlar^^Pn ge-rek-si-
 []


Underfull \hbox (badness 10000) in paragraph at lines 213--215
\OT1/cmr/m/n/12 nim-leri K^^?ult^^?ur ve
 []


Underfull \hbox (badness 10000) in paragraph at lines 213--215
\OT1/cmr/m/n/12 Tu-rizm ba-kanl^^P^^Ug^^P
 []


Underfull \hbox (badness 10000) in paragraph at lines 213--215
\OT1/cmr/m/n/12 ta-raf^^Pndan be-lir-le-
 []


Underfull \hbox (badness 10000) in paragraph at lines 213--215
\OT1/cmr/m/n/12 nir. Fazla de^^Ugi^^Xsken
 []


Underfull \hbox (badness 10000) in paragraph at lines 213--215
\OT1/cmr/m/n/12 de^^Ugillerdir. Sis-teme
 []


Underfull \hbox (badness 4441) in paragraph at lines 216--217
[]\OT1/cmr/m/n/12 K^^?ult^^?ur ve Tu-
 []

! Extra alignment tab has been changed to \cr.
<recently read> \endtemplate 
                             
l.217 &
       
? 

Overfull \hbox (21.82341pt too wide) in paragraph at lines 158--220
[] 
 []

[4] (./report-5th-week.aux (./header.aux)) ) 
Here is how much of TeX's memory you used:
 4734 strings out of 493848
 58201 string characters out of 3154066
 137500 words of memory out of 3000000
 7967 multiletter control sequences out of 15000+200000
 7337 words of font info for 26 fonts, out of 3000000 for 9000
 714 hyphenation exceptions out of 8191
 35i,9n,30p,342b,583s stack positions out of 5000i,500n,10000p,200000b,50000s
</usr/share/texmf-dist/fonts/type1/
public/amsfonts/cm/cmbx12.pfb></usr/share/texmf-dist/fonts/type1/public/amsfont
s/cm/cmr12.pfb></usr/share/texmf-dist/fonts/type1/public/amsfonts/cm/cmti12.pfb
>
Output written on report-5th-week.pdf (4 pages, 147397 bytes).
PDF statistics:
 29 PDF objects out of 1000 (max. 8388607)
 0 named destinations out of 1000 (max. 500000)
 6 words of extra memory for PDF output out of 10000 (max. 10000000)

